<?xml version="1.0" encoding="UTF-8"?>
<testng-results skipped="0" failed="0" ignored="0" total="2" passed="2">
  <reporter-output>
  </reporter-output>
  <suite name="Default suite" duration-ms="38333" started-at="2020-08-30T11:19:42Z" finished-at="2020-08-30T11:20:20Z">
    <groups>
    </groups>
    <test name="Default test" duration-ms="38333" started-at="2020-08-30T11:19:42Z" finished-at="2020-08-30T11:20:20Z">
      <class name="testCases.Test_001_Login">
        <test-method status="PASS" signature="beforeTest()[pri:0, instance:testCases.Test_001_Login@2118cddf]" name="beforeTest" is-config="true" duration-ms="10248" started-at="2020-08-30T16:49:42Z" finished-at="2020-08-30T16:49:52Z">
          <reporter-output>
          </reporter-output>
        </test-method> <!-- beforeTest -->
        <test-method status="PASS" signature="checkLoginTilte()[pri:0, instance:testCases.Test_001_Login@2118cddf]" name="checkLoginTilte" duration-ms="87" started-at="2020-08-30T16:49:52Z" finished-at="2020-08-30T16:49:52Z">
          <reporter-output>
          </reporter-output>
        </test-method> <!-- checkLoginTilte -->
        <test-method status="PASS" signature="afterMathod()[pri:0, instance:testCases.Test_001_Login@2118cddf]" name="afterMathod" is-config="true" duration-ms="2108" started-at="2020-08-30T16:49:52Z" finished-at="2020-08-30T16:49:55Z">
          <reporter-output>
          </reporter-output>
        </test-method> <!-- afterMathod -->
        <test-method status="PASS" signature="beforeTest()[pri:0, instance:testCases.Test_001_Login@2118cddf]" name="beforeTest" is-config="true" duration-ms="9108" started-at="2020-08-30T16:49:55Z" finished-at="2020-08-30T16:50:04Z">
          <reporter-output>
          </reporter-output>
        </test-method> <!-- beforeTest -->
        <test-method status="PASS" signature="checkLoginPage()[pri:1, instance:testCases.Test_001_Login@2118cddf]" name="checkLoginPage" duration-ms="13422" started-at="2020-08-30T16:50:04Z" finished-at="2020-08-30T16:50:17Z">
          <reporter-output>
          </reporter-output>
        </test-method> <!-- checkLoginPage -->
        <test-method status="PASS" signature="afterMathod()[pri:0, instance:testCases.Test_001_Login@2118cddf]" name="afterMathod" is-config="true" duration-ms="3346" started-at="2020-08-30T16:50:17Z" finished-at="2020-08-30T16:50:20Z">
          <reporter-output>
          </reporter-output>
        </test-method> <!-- afterMathod -->
      </class> <!-- testCases.Test_001_Login -->
    </test> <!-- Default test -->
  </suite> <!-- Default suite -->
</testng-results>
