<?xml version="1.0" encoding="UTF-8"?>
<testng-results skipped="0" failed="0" ignored="0" total="2" passed="2">
  <reporter-output>
  </reporter-output>
  <suite name="Default suite" duration-ms="30319" started-at="2020-08-30T10:41:59Z" finished-at="2020-08-30T10:42:29Z">
    <groups>
    </groups>
    <test name="Default test" duration-ms="30319" started-at="2020-08-30T10:41:59Z" finished-at="2020-08-30T10:42:29Z">
      <class name="testCases.Test_001_Login">
        <test-method status="PASS" signature="beforeTest()[pri:0, instance:testCases.Test_001_Login@68567e20]" name="beforeTest" is-config="true" duration-ms="10409" started-at="2020-08-30T16:11:59Z" finished-at="2020-08-30T16:12:09Z">
          <reporter-output>
          </reporter-output>
        </test-method> <!-- beforeTest -->
        <test-method status="PASS" signature="checkLoginTilte()[pri:0, instance:testCases.Test_001_Login@68567e20]" name="checkLoginTilte" duration-ms="81" started-at="2020-08-30T16:12:09Z" finished-at="2020-08-30T16:12:09Z">
          <reporter-output>
          </reporter-output>
        </test-method> <!-- checkLoginTilte -->
        <test-method status="PASS" signature="afterMathod()[pri:0, instance:testCases.Test_001_Login@68567e20]" name="afterMathod" is-config="true" duration-ms="1785" started-at="2020-08-30T16:12:09Z" finished-at="2020-08-30T16:12:11Z">
          <reporter-output>
          </reporter-output>
        </test-method> <!-- afterMathod -->
        <test-method status="PASS" signature="beforeTest()[pri:0, instance:testCases.Test_001_Login@68567e20]" name="beforeTest" is-config="true" duration-ms="5039" started-at="2020-08-30T16:12:11Z" finished-at="2020-08-30T16:12:16Z">
          <reporter-output>
          </reporter-output>
        </test-method> <!-- beforeTest -->
        <test-method status="PASS" signature="checkLoginPage()[pri:1, instance:testCases.Test_001_Login@68567e20]" name="checkLoginPage" duration-ms="10640" started-at="2020-08-30T16:12:16Z" finished-at="2020-08-30T16:12:27Z">
          <reporter-output>
          </reporter-output>
        </test-method> <!-- checkLoginPage -->
        <test-method status="PASS" signature="afterMathod()[pri:0, instance:testCases.Test_001_Login@68567e20]" name="afterMathod" is-config="true" duration-ms="2349" started-at="2020-08-30T16:12:27Z" finished-at="2020-08-30T16:12:29Z">
          <reporter-output>
          </reporter-output>
        </test-method> <!-- afterMathod -->
      </class> <!-- testCases.Test_001_Login -->
    </test> <!-- Default test -->
  </suite> <!-- Default suite -->
</testng-results>
